<?xml version="1.0" encoding="UTF-8"?>
<!-- Generated by org.testng.reporters.JUnitReportReporter -->
<testsuite hostname="TYSS-Prasad-Hiremath" failures="0" tests="1" name="org.automation.testScripts.WishlistTestCase" time="8.880" errors="0" timestamp="2024-02-07T14:59:36 IST" skipped="0">
  <testcase classname="org.automation.testScripts.WishlistTestCase" name="addToWishlistTestCase" time="8.880"/>
  <system-out>
    <![CDATA[Books page displayed
Product added to wishlist
Product added successfully
Wishlist page is displayed
Product removed from wishlist]]>
  </system-out>
</testsuite> <!-- org.automation.testScripts.WishlistTestCase -->
