<?xml version="1.0" encoding="UTF-8"?>
<!-- Generated by org.testng.reporters.JUnitReportReporter -->
<testsuite hostname="TYSS-Prasad-Hiremath" failures="0" tests="3" name="org.automation.testScripts.RegisterTestCase" time="22.701" errors="0" timestamp="2024-02-07T14:59:36 IST" skipped="0">
  <testcase classname="org.automation.testScripts.RegisterTestCase" name="registerTestCase" time="7.285"/>
  <system-out>
    <![CDATA[Register page displayed
Successfully registered]]>
  </system-out>
  <testcase classname="org.automation.testScripts.RegisterTestCase" name="registerTestCase" time="8.195"/>
  <system-out>
    <![CDATA[Register page displayed
Successfully registered]]>
  </system-out>
  <testcase classname="org.automation.testScripts.RegisterTestCase" name="registerTestCase" time="7.221"/>
  <system-out>
    <![CDATA[Register page displayed
Successfully registered]]>
  </system-out>
</testsuite> <!-- org.automation.testScripts.RegisterTestCase -->
