<?xml version="1.0" encoding="UTF-8"?>
<!-- Generated by org.testng.reporters.JUnitReportReporter -->
<testsuite hostname="TYSS-Prasad-Hiremath" failures="0" tests="1" name="org.automation.testScripts.AddToCartTestCase" time="10.959" errors="0" timestamp="2024-02-07T15:16:11 IST" skipped="0">
  <testcase classname="org.automation.testScripts.AddToCartTestCase" name="addToCartTestCase" time="10.959"/>
  <system-out>
    <![CDATA[Digital download page is displayed
1 product added to cart
2 product added to cart
3 product added to cart
Products are successfully added to cart
Shopping cart page is displayed
All the products are removed successfully]]>
  </system-out>
</testsuite> <!-- org.automation.testScripts.AddToCartTestCase -->
